<?xml version="1.0" encoding="UTF-8"?>
<testng-results ignored="0" total="6" passed="6" failed="0" skipped="0">
  <reporter-output>
  </reporter-output>
  <suite started-at="2025-08-22T16:13:45 IST" name="Testsuite" finished-at="2025-08-22T16:13:45 IST" duration-ms="254">
    <groups>
      <group name="regression">
        <method signature="dependsongroups.D()[pri:0, instance:testng.dependsongroups@35d019a3]" name="D" class="testng.dependsongroups"/>
        <method signature="dependsongroups.c()[pri:0, instance:testng.dependsongroups@35d019a3]" name="c" class="testng.dependsongroups"/>
      </group> <!-- regression -->
      <group name="smoke">
        <method signature="dependsongroups.a()[pri:0, instance:testng.dependsongroups@35d019a3]" name="a" class="testng.dependsongroups"/>
        <method signature="dependsongroups.b()[pri:0, instance:testng.dependsongroups@35d019a3]" name="b" class="testng.dependsongroups"/>
      </group> <!-- smoke -->
    </groups>
    <test started-at="2025-08-22T16:13:45 IST" name="dependsongroups" finished-at="2025-08-22T16:13:45 IST" duration-ms="254">
      <class name="testng.dependsongroups">
        <test-method signature="D()[pri:0, instance:testng.dependsongroups@35d019a3]" started-at="2025-08-22T16:13:45 IST" name="D" finished-at="2025-08-22T16:13:45 IST" duration-ms="42" status="PASS">
          <reporter-output>
          </reporter-output>
        </test-method> <!-- D -->
        <test-method signature="a()[pri:0, instance:testng.dependsongroups@35d019a3]" started-at="2025-08-22T16:13:45 IST" name="a" finished-at="2025-08-22T16:13:45 IST" duration-ms="4" status="PASS">
          <reporter-output>
          </reporter-output>
        </test-method> <!-- a -->
        <test-method signature="b()[pri:0, instance:testng.dependsongroups@35d019a3]" started-at="2025-08-22T16:13:45 IST" name="b" finished-at="2025-08-22T16:13:45 IST" duration-ms="8" status="PASS">
          <reporter-output>
          </reporter-output>
        </test-method> <!-- b -->
        <test-method signature="c()[pri:0, instance:testng.dependsongroups@35d019a3]" started-at="2025-08-22T16:13:45 IST" name="c" finished-at="2025-08-22T16:13:45 IST" duration-ms="5" status="PASS">
          <reporter-output>
          </reporter-output>
        </test-method> <!-- c -->
        <test-method signature="real1()[pri:0, instance:testng.dependsongroups@35d019a3]" started-at="2025-08-22T16:13:45 IST" name="real1" depends-on-groups="smoke" finished-at="2025-08-22T16:13:45 IST" duration-ms="5" status="PASS">
          <reporter-output>
          </reporter-output>
        </test-method> <!-- real1 -->
        <test-method signature="real2()[pri:0, instance:testng.dependsongroups@35d019a3]" started-at="2025-08-22T16:13:45 IST" name="real2" depends-on-groups="regression" finished-at="2025-08-22T16:13:45 IST" duration-ms="8" status="PASS">
          <reporter-output>
          </reporter-output>
        </test-method> <!-- real2 -->
      </class> <!-- testng.dependsongroups -->
    </test> <!-- dependsongroups -->
  </suite> <!-- Testsuite -->
</testng-results>
