<?xml version="1.0" encoding="UTF-8"?>
<!-- Generated by org.testng.reporters.JUnitXMLReporter -->
<testsuite ignored="0" hostname="TDS-LP-LENOVO-166" failures="1" tests="3" name="MyTests" time="34.553" errors="0" timestamp="2025-09-02T13:08:57 IST">
  <testcase classname="testng.LoginTest" name="passtest" time="1.813"/>
  <testcase classname="testng.LoginTest" name="testGoogle" time="7.781">
    <skipped/>
  </testcase> <!-- testGoogle -->
  <testcase classname="testng.LoginTest" name="testGoogle" time="11.335">
    <failure type="java.lang.AssertionError">
      <![CDATA[java.lang.AssertionError
at testng.LoginTest.testGoogle(LoginTest.java:17)
at java.base/java.util.ArrayList.forEach(ArrayList.java:1596)
... Removed 25 stack frames]]>
    </failure>
  </testcase> <!-- testGoogle -->
</testsuite> <!-- MyTests -->
