<?xml version="1.0" encoding="UTF-8"?>
<!-- Generated by org.testng.reporters.JUnitXMLReporter -->
<testsuite ignored="0" hostname="TDS-LP-LENOVO-166" failures="1" tests="1" name="MyTests" time="13.641" errors="0" timestamp="2025-09-01T15:41:44 IST">
  <testcase classname="testng.LoginTest" name="testGoogle" time="8.678">
    <failure type="java.lang.AssertionError">
      <![CDATA[java.lang.AssertionError
at testng.LoginTest.testGoogle(LoginTest.java:16)
at java.base/java.util.ArrayList.forEach(ArrayList.java:1596)
... Removed 25 stack frames]]>
    </failure>
  </testcase> <!-- testGoogle -->
</testsuite> <!-- MyTests -->
