<?xml version="1.0" encoding="UTF-8"?>
<!-- Generated by org.testng.reporters.JUnitXMLReporter -->
<testsuite ignored="1" hostname="TDS-LP-LENOVO-166" failures="0" tests="4" name="dependsonMEthods" time="0.316" errors="0" timestamp="2025-08-22T15:47:05 IST">
  <testcase classname="testng.depends" name="B" time="0.046"/>
  <testcase classname="testng.depends" name="time" time="0.013"/>
  <testcase classname="testng.depends" name="A" time="0.014"/>
  <testcase classname="testng.testngclass" name="demo" time="0.013"/>
  <testcase classname="testng.depends" name="donexecute" time="0.0">
    <ignored/>
  </testcase> <!-- donexecute -->
</testsuite> <!-- dependsonMEthods -->
