<?xml version="1.0" encoding="UTF-8"?>
<!-- Generated by org.testng.reporters.JUnitXMLReporter -->
<testsuite ignored="2" hostname="TDS-LP-LENOVO-166" failures="0" tests="3" name="test1" time="0.163" errors="0" timestamp="2025-08-21T18:06:09 IST">
  <testcase classname="testng.testngclassspetest" name="newone" time="0.005"/>
  <testcase classname="testng.testngclassspetest" name="skipp" time="0.003"/>
  <testcase classname="testng.testngclassspetest" name="toteinclue" time="0.049"/>
  <testcase classname="testng.testngclassspetest" name="excluding29test" time="0.0">
    <ignored/>
  </testcase> <!-- excluding29test -->
  <testcase classname="testng.testngclassspetest" name="excluding30test" time="0.0">
    <ignored/>
  </testcase> <!-- excluding30test -->
</testsuite> <!-- test1 -->
