<?xml version="1.0" encoding="UTF-8"?>
<!-- Generated by org.testng.reporters.JUnitXMLReporter -->
<testsuite ignored="0" hostname="TDS-LP-LENOVO-166" failures="0" tests="5" name="tocheckparamconcep" time="0.171" errors="0" timestamp="2025-08-22T15:47:05 IST">
  <testcase classname="testng.testng1" name="checkparam" time="0.004"/>
  <testcase classname="testng.testng1" name="newtest" time="0.013"/>
  <testcase classname="testng.dataprovider" name="getdata" time="0.013"/>
  <testcase classname="testng.dataprovider" name="getdata" time="0.018"/>
  <testcase classname="testng.dataprovider" name="getdata" time="0.011"/>
</testsuite> <!-- tocheckparamconcep -->
